<?xml version="1.0" encoding="UTF-8"?>
<testsuite name="is.ru.tictactoe.TestGameWeb" tests="2" skipped="0" failures="0" errors="0" timestamp="2017-10-26T18:02:31" hostname="DESKTOP-PLBUN9I" time="0.0">
  <properties/>
  <testcase name="testTitleMatches" classname="is.ru.tictactoe.TestGameWeb" time="0.0"/>
  <testcase name="testSimpleAdd" classname="is.ru.tictactoe.TestGameWeb" time="0.0"/>
  <system-out><![CDATA[]]></system-out>
  <system-err><![CDATA[Starting ChromeDriver 2.33.506120 (e3e53437346286c0bc2d2dc9aa4915ba81d9023f) on port 5430
Only local connections are allowed.
Oct 26, 2017 6:02:31 PM org.openqa.selenium.remote.ProtocolHandshake createSession
INFO: Detected dialect: OSS
]]></system-err>
</testsuite>
